<?xml version="1.0" encoding="UTF-8"?>
<!-- Generated by org.testng.reporters.JUnitReportReporter -->
<testsuite skipped="0" hostname="DESKTOP-DDKL33B" name="scripts.RestAssured1.User_GET_Authentication" tests="1" failures="0" timestamp="2020-03-20T01:15:53 IST" time="3.032" errors="0">
  <testcase name="Autherzie" time="3.032" classname="scripts.RestAssured1.User_GET_Authentication"/>
  <system-out/>
</testsuite> <!-- scripts.RestAssured1.User_GET_Authentication -->
